<?xml version="1.0" encoding="UTF-8"?>
<testsuite xmlns:xsi="http://www.w3.org/2001/XMLSchema-instance" xsi:noNamespaceSchemaLocation="https://maven.apache.org/surefire/maven-failsafe-plugin/xsd/failsafe-test-report-3.0.xsd" version="3.0" name="com.patient.management.e2e.DoctorWebControllerE2ETest" time="36.543" tests="2" errors="0" skipped="0" failures="0">
  <properties>
[...]
</properties>
  <testcase name="testDeleteDoctor" classname="com.patient.management.e2e.DoctorWebControllerE2ETest" time="8.828">
    <system-out><![CDATA[01:10:08.588 [main] INFO org.springframework.test.context.support.AnnotationConfigContextLoaderUtils -- Could not detect default configuration classes for test class [com.patient.management.e2e.DoctorWebControllerE2ETest]: DoctorWebControllerE2ETest does not declare any static, non-private, non-final, nested classes annotated with @Configuration.
01:10:08.750 [main] INFO org.springframework.boot.test.context.SpringBootTestContextBootstrapper -- Found @SpringBootConfiguration com.patient.management.ManagementApplication for test class com.patient.management.e2e.DoctorWebControllerE2ETest
01:10:09.093 [main] INFO org.testcontainers.utility.ImageNameSubstitutor -- Image name substitution will be performed by: DefaultImageNameSubstitutor (composite of 'ConfigurationFileImageNameSubstitutor' and 'PrefixingImageNameSubstitutor')
01:10:09.396 [main] INFO org.testcontainers.dockerclient.DockerClientProviderStrategy -- Loaded org.testcontainers.dockerclient.NpipeSocketClientProviderStrategy from ~/.testcontainers.properties, will try it first
01:10:09.761 [main] INFO org.testcontainers.dockerclient.DockerClientProviderStrategy -- Found Docker environment with local Npipe socket (npipe:////./pipe/docker_engine)
01:10:09.764 [main] INFO org.testcontainers.DockerClientFactory -- Docker host IP address is localhost
01:10:09.775 [main] INFO org.testcontainers.DockerClientFactory -- Connected to docker: 
  Server Version: 27.3.1
  API Version: 1.47
  Operating System: Docker Desktop
  Total Memory: 7799 MB
01:10:09.806 [main] INFO tc.testcontainers/ryuk:0.5.1 -- Creating container for image: testcontainers/ryuk:0.5.1
01:10:10.066 [main] INFO org.testcontainers.utility.RegistryAuthLocator -- Credential helper/store (docker-credential-desktop) does not have credentials for https://index.docker.io/v1/
01:10:10.456 [main] INFO tc.testcontainers/ryuk:0.5.1 -- Container testcontainers/ryuk:0.5.1 is starting: 00c483ac775dd6b14d981d456a0ba1f2296815b4c2775ebe0e6f3ef25c712015
01:10:11.539 [main] INFO tc.testcontainers/ryuk:0.5.1 -- Container testcontainers/ryuk:0.5.1 started in PT1.7498287S
01:10:11.558 [main] INFO org.testcontainers.utility.RyukResourceReaper -- Ryuk started - will monitor and terminate Testcontainers containers on JVM exit
01:10:11.558 [main] INFO org.testcontainers.DockerClientFactory -- Checking the system...
01:10:11.559 [main] INFO org.testcontainers.DockerClientFactory -- ?? Docker server version should be at least 1.6.0
01:10:11.563 [main] INFO tc.mysql:8.1.0 -- Creating container for image: mysql:8.1.0
01:10:11.803 [main] INFO tc.mysql:8.1.0 -- Container mysql:8.1.0 is starting: d0bd75c77f1720402146b8f0b2dee43ce3ca32c1475fa803e69fc391805db61d
01:10:12.339 [main] INFO tc.mysql:8.1.0 -- Waiting for database connection to become available at jdbc:mysql://localhost:56680/patientmanagement using query 'SELECT 1'
01:10:24.532 [main] INFO tc.mysql:8.1.0 -- Container mysql:8.1.0 started in PT12.9692301S
01:10:24.532 [main] INFO tc.mysql:8.1.0 -- Container is started (JDBC URL: jdbc:mysql://localhost:56680/patientmanagement)

  .   ____          _            __ _ _
 /\\ / ___'_ __ _ _(_)_ __  __ _ \ \ \ \
( ( )\___ | '_ | '_| | '_ \/ _` | \ \ \ \
 \\/  ___)| |_)| | | | | || (_| |  ) ) ) )
  '  |____| .__|_| |_|_| |_\__, | / / / /
 =========|_|==============|___/=/_/_/_/
 :: Spring Boot ::                (v3.1.3)

2025-03-24T01:10:24.974+01:00  INFO 28708 --- [           main] c.p.m.e2e.DoctorWebControllerE2ETest     : Starting DoctorWebControllerE2ETest using Java 17.0.12 with PID 28708 (started by mrfb in C:\Users\mrfb\Downloads\MyProjectATT\MyProjectATTGit\management)
2025-03-24T01:10:24.977+01:00  INFO 28708 --- [           main] c.p.m.e2e.DoctorWebControllerE2ETest     : No active profile set, falling back to 1 default profile: "default"
2025-03-24T01:10:25.888+01:00  INFO 28708 --- [           main] .s.d.r.c.RepositoryConfigurationDelegate : Bootstrapping Spring Data JPA repositories in DEFAULT mode.
2025-03-24T01:10:26.008+01:00  INFO 28708 --- [           main] .s.d.r.c.RepositoryConfigurationDelegate : Finished Spring Data repository scanning in 107 ms. Found 2 JPA repository interfaces.
2025-03-24T01:10:26.873+01:00  INFO 28708 --- [           main] o.s.b.w.embedded.tomcat.TomcatWebServer  : Tomcat initialized with port(s): 0 (http)
2025-03-24T01:10:26.884+01:00  INFO 28708 --- [           main] o.apache.catalina.core.StandardService   : Starting service [Tomcat]
2025-03-24T01:10:26.884+01:00  INFO 28708 --- [           main] o.apache.catalina.core.StandardEngine    : Starting Servlet engine: [Apache Tomcat/10.1.12]
2025-03-24T01:10:27.061+01:00  INFO 28708 --- [           main] o.a.c.c.C.[Tomcat].[localhost].[/]       : Initializing Spring embedded WebApplicationContext
2025-03-24T01:10:27.063+01:00  INFO 28708 --- [           main] w.s.c.ServletWebServerApplicationContext : Root WebApplicationContext: initialization completed in 2053 ms
2025-03-24T01:10:27.305+01:00  INFO 28708 --- [           main] o.hibernate.jpa.internal.util.LogHelper  : HHH000204: Processing PersistenceUnitInfo [name: default]
2025-03-24T01:10:27.407+01:00  INFO 28708 --- [           main] org.hibernate.Version                    : HHH000412: Hibernate ORM core version 6.2.7.Final
2025-03-24T01:10:27.412+01:00  INFO 28708 --- [           main] org.hibernate.cfg.Environment            : HHH000406: Using bytecode reflection optimizer
2025-03-24T01:10:27.705+01:00  INFO 28708 --- [           main] o.h.b.i.BytecodeProviderInitiator        : HHH000021: Bytecode provider name : bytebuddy
2025-03-24T01:10:27.910+01:00  INFO 28708 --- [           main] o.s.o.j.p.SpringPersistenceUnitInfo      : No LoadTimeWeaver setup: ignoring JPA class transformer
2025-03-24T01:10:27.934+01:00  INFO 28708 --- [           main] com.zaxxer.hikari.HikariDataSource       : HikariPool-1 - Starting...
2025-03-24T01:10:28.205+01:00  INFO 28708 --- [           main] com.zaxxer.hikari.pool.HikariPool        : HikariPool-1 - Added connection com.mysql.cj.jdbc.ConnectionImpl@66589252
2025-03-24T01:10:28.206+01:00  INFO 28708 --- [           main] com.zaxxer.hikari.HikariDataSource       : HikariPool-1 - Start completed.
2025-03-24T01:10:28.242+01:00  WARN 28708 --- [           main] org.hibernate.orm.deprecation            : HHH90000026: MySQL8Dialect has been deprecated; use org.hibernate.dialect.MySQLDialect instead
2025-03-24T01:10:28.685+01:00  INFO 28708 --- [           main] o.h.b.i.BytecodeProviderInitiator        : HHH000021: Bytecode provider name : bytebuddy
2025-03-24T01:10:29.598+01:00  INFO 28708 --- [           main] o.h.e.t.j.p.i.JtaPlatformInitiator       : HHH000490: Using JtaPlatform implementation: [org.hibernate.engine.transaction.jta.platform.internal.NoJtaPlatform]
2025-03-24T01:10:29.887+01:00  INFO 28708 --- [           main] j.LocalContainerEntityManagerFactoryBean : Initialized JPA EntityManagerFactory for persistence unit 'default'
2025-03-24T01:10:30.507+01:00  WARN 28708 --- [           main] JpaBaseConfiguration$JpaWebConfiguration : spring.jpa.open-in-view is enabled by default. Therefore, database queries may be performed during view rendering. Explicitly configure spring.jpa.open-in-view to disable this warning
2025-03-24T01:10:31.480+01:00  INFO 28708 --- [           main] o.s.b.w.embedded.tomcat.TomcatWebServer  : Tomcat started on port(s): 56790 (http) with context path ''
2025-03-24T01:10:31.496+01:00  INFO 28708 --- [           main] c.p.m.e2e.DoctorWebControllerE2ETest     : Started DoctorWebControllerE2ETest in 6.888 seconds (process running for 24.165)
2025-03-24T01:10:35.069+01:00  INFO 28708 --- [           main] o.o.selenium.manager.SeleniumManager     : Driver path: C:\Users\mrfb\.cache\selenium\chromedriver\win64\134.0.6998.165\chromedriver.exe
2025-03-24T01:10:35.069+01:00  INFO 28708 --- [           main] o.o.selenium.manager.SeleniumManager     : Browser path: C:\Program Files\Google\Chrome\Application\chrome.exe
2025-03-24T01:10:36.802+01:00  WARN 28708 --- [           main] o.o.selenium.devtools.CdpVersionFinder   : Unable to find CDP implementation matching 134
2025-03-24T01:10:36.802+01:00  WARN 28708 --- [           main] o.o.selenium.chromium.ChromiumDriver     : Unable to find version of CDP to use for 134.0.6998.89. You may need to include a dependency on a specific version of the CDP using something similar to `org.seleniumhq.selenium:selenium-devtools-v86:4.12.0` where the version ("v86") matches the version of the chromium-based browser you're using and the version number of the artifact is the same as Selenium's.
2025-03-24T01:10:38.527+01:00  INFO 28708 --- [o-auto-1-exec-1] o.a.c.c.C.[Tomcat].[localhost].[/]       : Initializing Spring DispatcherServlet 'dispatcherServlet'
2025-03-24T01:10:38.527+01:00  INFO 28708 --- [o-auto-1-exec-1] o.s.web.servlet.DispatcherServlet        : Initializing Servlet 'dispatcherServlet'
2025-03-24T01:10:38.528+01:00  INFO 28708 --- [o-auto-1-exec-1] o.s.web.servlet.DispatcherServlet        : Completed initialization in 1 ms
2025-03-24T01:10:40.155+01:00  WARN 28708 --- [cHttpClient-1-4] o.a.netty.handler.WebSocketHandler       : onError

java.net.SocketException: Connection reset
	at java.base/sun.nio.ch.SocketChannelImpl.throwConnectionReset(SocketChannelImpl.java:394) ~[na:na]
	at java.base/sun.nio.ch.SocketChannelImpl.read(SocketChannelImpl.java:426) ~[na:na]
	at io.netty.buffer.PooledByteBuf.setBytes(PooledByteBuf.java:254) ~[netty-buffer-4.1.97.Final.jar:4.1.97.Final]
	at io.netty.buffer.AbstractByteBuf.writeBytes(AbstractByteBuf.java:1132) ~[netty-buffer-4.1.97.Final.jar:4.1.97.Final]
	at io.netty.channel.socket.nio.NioSocketChannel.doReadBytes(NioSocketChannel.java:357) ~[netty-transport-4.1.97.Final.jar:4.1.97.Final]
	at io.netty.channel.nio.AbstractNioByteChannel$NioByteUnsafe.read(AbstractNioByteChannel.java:151) ~[netty-transport-4.1.97.Final.jar:4.1.97.Final]
	at io.netty.channel.nio.NioEventLoop.processSelectedKey(NioEventLoop.java:788) ~[netty-transport-4.1.97.Final.jar:4.1.97.Final]
	at io.netty.channel.nio.NioEventLoop.processSelectedKeysOptimized(NioEventLoop.java:724) ~[netty-transport-4.1.97.Final.jar:4.1.97.Final]
	at io.netty.channel.nio.NioEventLoop.processSelectedKeys(NioEventLoop.java:650) ~[netty-transport-4.1.97.Final.jar:4.1.97.Final]
	at io.netty.channel.nio.NioEventLoop.run(NioEventLoop.java:562) ~[netty-transport-4.1.97.Final.jar:4.1.97.Final]
	at io.netty.util.concurrent.SingleThreadEventExecutor$4.run(SingleThreadEventExecutor.java:997) ~[netty-common-4.1.97.Final.jar:4.1.97.Final]
	at io.netty.util.internal.ThreadExecutorMap$2.run(ThreadExecutorMap.java:74) ~[netty-common-4.1.97.Final.jar:4.1.97.Final]
	at io.netty.util.concurrent.FastThreadLocalRunnable.run(FastThreadLocalRunnable.java:30) ~[netty-common-4.1.97.Final.jar:4.1.97.Final]
	at java.base/java.lang.Thread.run(Thread.java:842) ~[na:na]

2025-03-24T01:10:40.161+01:00  WARN 28708 --- [cHttpClient-1-4] o.openqa.selenium.remote.http.WebSocket  : Connection reset

java.net.SocketException: Connection reset
	at java.base/sun.nio.ch.SocketChannelImpl.throwConnectionReset(SocketChannelImpl.java:394) ~[na:na]
	at java.base/sun.nio.ch.SocketChannelImpl.read(SocketChannelImpl.java:426) ~[na:na]
	at io.netty.buffer.PooledByteBuf.setBytes(PooledByteBuf.java:254) ~[netty-buffer-4.1.97.Final.jar:4.1.97.Final]
	at io.netty.buffer.AbstractByteBuf.writeBytes(AbstractByteBuf.java:1132) ~[netty-buffer-4.1.97.Final.jar:4.1.97.Final]
	at io.netty.channel.socket.nio.NioSocketChannel.doReadBytes(NioSocketChannel.java:357) ~[netty-transport-4.1.97.Final.jar:4.1.97.Final]
	at io.netty.channel.nio.AbstractNioByteChannel$NioByteUnsafe.read(AbstractNioByteChannel.java:151) ~[netty-transport-4.1.97.Final.jar:4.1.97.Final]
	at io.netty.channel.nio.NioEventLoop.processSelectedKey(NioEventLoop.java:788) ~[netty-transport-4.1.97.Final.jar:4.1.97.Final]
	at io.netty.channel.nio.NioEventLoop.processSelectedKeysOptimized(NioEventLoop.java:724) ~[netty-transport-4.1.97.Final.jar:4.1.97.Final]
	at io.netty.channel.nio.NioEventLoop.processSelectedKeys(NioEventLoop.java:650) ~[netty-transport-4.1.97.Final.jar:4.1.97.Final]
	at io.netty.channel.nio.NioEventLoop.run(NioEventLoop.java:562) ~[netty-transport-4.1.97.Final.jar:4.1.97.Final]
	at io.netty.util.concurrent.SingleThreadEventExecutor$4.run(SingleThreadEventExecutor.java:997) ~[netty-common-4.1.97.Final.jar:4.1.97.Final]
	at io.netty.util.internal.ThreadExecutorMap$2.run(ThreadExecutorMap.java:74) ~[netty-common-4.1.97.Final.jar:4.1.97.Final]
	at io.netty.util.concurrent.FastThreadLocalRunnable.run(FastThreadLocalRunnable.java:30) ~[netty-common-4.1.97.Final.jar:4.1.97.Final]
	at java.base/java.lang.Thread.run(Thread.java:842) ~[na:na]

]]></system-out>
  </testcase>
  <testcase name="testAddDoctor" classname="com.patient.management.e2e.DoctorWebControllerE2ETest" time="3.767">
    <system-out><![CDATA[2025-03-24T01:10:40.850+01:00  INFO 28708 --- [           main] o.o.selenium.manager.SeleniumManager     : Driver path: C:\Users\mrfb\.cache\selenium\chromedriver\win64\134.0.6998.165\chromedriver.exe
2025-03-24T01:10:40.851+01:00  INFO 28708 --- [           main] o.o.selenium.manager.SeleniumManager     : Browser path: C:\Program Files\Google\Chrome\Application\chrome.exe
2025-03-24T01:10:41.591+01:00  WARN 28708 --- [           main] o.o.selenium.devtools.CdpVersionFinder   : Unable to find CDP implementation matching 134
2025-03-24T01:10:41.591+01:00  WARN 28708 --- [           main] o.o.selenium.chromium.ChromiumDriver     : Unable to find version of CDP to use for 134.0.6998.89. You may need to include a dependency on a specific version of the CDP using something similar to `org.seleniumhq.selenium:selenium-devtools-v86:4.12.0` where the version ("v86") matches the version of the chromium-based browser you're using and the version number of the artifact is the same as Selenium's.
]]></system-out>
  </testcase>
</testsuite>